<?xml version="1.0" encoding="UTF-8"?>
<testsuite xmlns:xsi="http://www.w3.org/2001/XMLSchema-instance" xsi:noNamespaceSchemaLocation="https://maven.apache.org/surefire/maven-surefire-plugin/xsd/surefire-test-report.xsd" name="com.revalu.ProductControllerTest" time="3.834" tests="3" errors="0" skipped="0" failures="3">
  <properties>
[...]
</properties>
  <testcase name="testSearchByTag" classname="com.revalu.ProductControllerTest" time="0.59">
    <failure message="&#10;Expecting actual not to be empty" type="java.lang.AssertionError">java.lang.AssertionError: 

Expecting actual not to be empty
	at com.revalu.ProductControllerTest.testSearchByTag(ProductControllerTest.java:47)
</failure>
    <system-out><![CDATA[14:44:19.900 [main] DEBUG org.springframework.test.context.BootstrapUtils - Instantiating CacheAwareContextLoaderDelegate from class [org.springframework.test.context.cache.DefaultCacheAwareContextLoaderDelegate]
14:44:19.907 [main] DEBUG org.springframework.test.context.BootstrapUtils - Instantiating BootstrapContext using constructor [public org.springframework.test.context.support.DefaultBootstrapContext(java.lang.Class,org.springframework.test.context.CacheAwareContextLoaderDelegate)]
14:44:19.936 [main] DEBUG org.springframework.test.context.BootstrapUtils - Instantiating TestContextBootstrapper for test class [com.revalu.ProductControllerTest] from class [org.springframework.boot.test.context.SpringBootTestContextBootstrapper]
14:44:19.943 [main] INFO org.springframework.boot.test.context.SpringBootTestContextBootstrapper - Neither @ContextConfiguration nor @ContextHierarchy found for test class [com.revalu.ProductControllerTest], using SpringBootContextLoader
14:44:19.946 [main] DEBUG org.springframework.test.context.support.AbstractContextLoader - Did not detect default resource location for test class [com.revalu.ProductControllerTest]: class path resource [com/revalu/ProductControllerTest-context.xml] does not exist
14:44:19.947 [main] DEBUG org.springframework.test.context.support.AbstractContextLoader - Did not detect default resource location for test class [com.revalu.ProductControllerTest]: class path resource [com/revalu/ProductControllerTestContext.groovy] does not exist
14:44:19.947 [main] INFO org.springframework.test.context.support.AbstractContextLoader - Could not detect default resource locations for test class [com.revalu.ProductControllerTest]: no resource found for suffixes {-context.xml, Context.groovy}.
14:44:19.947 [main] INFO org.springframework.test.context.support.AnnotationConfigContextLoaderUtils - Could not detect default configuration classes for test class [com.revalu.ProductControllerTest]: ProductControllerTest does not declare any static, non-private, non-final, nested classes annotated with @Configuration.
14:44:19.984 [main] DEBUG org.springframework.test.context.support.ActiveProfilesUtils - Could not find an 'annotation declaring class' for annotation type [org.springframework.test.context.ActiveProfiles] and class [com.revalu.ProductControllerTest]
14:44:20.028 [main] DEBUG org.springframework.context.annotation.ClassPathScanningCandidateComponentProvider - Identified candidate component class: file [E:\Revalu-springboot\target\classes\com\revalu\RevaluCodeChallengeApplication.class]
14:44:20.029 [main] INFO org.springframework.boot.test.context.SpringBootTestContextBootstrapper - Found @SpringBootConfiguration com.revalu.RevaluCodeChallengeApplication for test class com.revalu.ProductControllerTest
14:44:20.102 [main] DEBUG org.springframework.boot.test.context.SpringBootTestContextBootstrapper - @TestExecutionListeners is not present for class [com.revalu.ProductControllerTest]: using defaults.
14:44:20.102 [main] INFO org.springframework.boot.test.context.SpringBootTestContextBootstrapper - Loaded default TestExecutionListener class names from location [META-INF/spring.factories]: [org.springframework.boot.test.mock.mockito.MockitoTestExecutionListener, org.springframework.boot.test.mock.mockito.ResetMocksTestExecutionListener, org.springframework.boot.test.autoconfigure.restdocs.RestDocsTestExecutionListener, org.springframework.boot.test.autoconfigure.web.client.MockRestServiceServerResetTestExecutionListener, org.springframework.boot.test.autoconfigure.web.servlet.MockMvcPrintOnlyOnFailureTestExecutionListener, org.springframework.boot.test.autoconfigure.web.servlet.WebDriverTestExecutionListener, org.springframework.boot.test.autoconfigure.webservices.client.MockWebServiceServerTestExecutionListener, org.springframework.test.context.web.ServletTestExecutionListener, org.springframework.test.context.support.DirtiesContextBeforeModesTestExecutionListener, org.springframework.test.context.event.ApplicationEventsTestExecutionListener, org.springframework.test.context.support.DependencyInjectionTestExecutionListener, org.springframework.test.context.support.DirtiesContextTestExecutionListener, org.springframework.test.context.transaction.TransactionalTestExecutionListener, org.springframework.test.context.jdbc.SqlScriptsTestExecutionListener, org.springframework.test.context.event.EventPublishingTestExecutionListener]
14:44:20.116 [main] INFO org.springframework.boot.test.context.SpringBootTestContextBootstrapper - Using TestExecutionListeners: [org.springframework.test.context.web.ServletTestExecutionListener@1fb669c3, org.springframework.test.context.support.DirtiesContextBeforeModesTestExecutionListener@49c66ade, org.springframework.test.context.event.ApplicationEventsTestExecutionListener@6239aba6, org.springframework.boot.test.mock.mockito.MockitoTestExecutionListener@3e6104fc, org.springframework.boot.test.autoconfigure.SpringBootDependencyInjectionTestExecutionListener@12359a82, org.springframework.test.context.support.DirtiesContextTestExecutionListener@68df9280, org.springframework.test.context.transaction.TransactionalTestExecutionListener@479460a6, org.springframework.test.context.jdbc.SqlScriptsTestExecutionListener@7164ca4c, org.springframework.test.context.event.EventPublishingTestExecutionListener@4f3bbf68, org.springframework.boot.test.mock.mockito.ResetMocksTestExecutionListener@5be46f9d, org.springframework.boot.test.autoconfigure.restdocs.RestDocsTestExecutionListener@3f91b517, org.springframework.boot.test.autoconfigure.web.client.MockRestServiceServerResetTestExecutionListener@68702e03, org.springframework.boot.test.autoconfigure.web.servlet.MockMvcPrintOnlyOnFailureTestExecutionListener@7a220c9a, org.springframework.boot.test.autoconfigure.web.servlet.WebDriverTestExecutionListener@2421cc4, org.springframework.boot.test.autoconfigure.webservices.client.MockWebServiceServerTestExecutionListener@30c93896]
14:44:20.119 [main] DEBUG org.springframework.test.context.support.AbstractDirtiesContextTestExecutionListener - Before test class: context [DefaultTestContext@26ceffa8 testClass = ProductControllerTest, testInstance = [null], testMethod = [null], testException = [null], mergedContextConfiguration = [WebMergedContextConfiguration@600b90df testClass = ProductControllerTest, locations = '{}', classes = '{class com.revalu.RevaluCodeChallengeApplication}', contextInitializerClasses = '[]', activeProfiles = '{}', propertySourceLocations = '{}', propertySourceProperties = '{org.springframework.boot.test.context.SpringBootTestContextBootstrapper=true, server.port=0}', contextCustomizers = set[org.springframework.boot.test.context.filter.ExcludeFilterContextCustomizer@7a419da4, org.springframework.boot.test.json.DuplicateJsonObjectContextCustomizerFactory$DuplicateJsonObjectContextCustomizer@3d5c822d, org.springframework.boot.test.mock.mockito.MockitoContextCustomizer@0, org.springframework.boot.test.web.client.TestRestTemplateContextCustomizer@505fc5a4, org.springframework.boot.test.autoconfigure.actuate.metrics.MetricsExportContextCustomizerFactory$DisableMetricExportContextCustomizer@53fdffa1, org.springframework.boot.test.autoconfigure.properties.PropertyMappingContextCustomizer@0, org.springframework.boot.test.autoconfigure.web.servlet.WebDriverContextCustomizerFactory$Customizer@58695725, org.springframework.boot.test.context.SpringBootTestArgs@1, org.springframework.boot.test.context.SpringBootTestWebEnvironment@2781e022], resourceBasePath = 'src/main/webapp', contextLoader = 'org.springframework.boot.test.context.SpringBootContextLoader', parent = [null]], attributes = map['org.springframework.test.context.web.ServletTestExecutionListener.activateListener' -> false]], class annotated with @DirtiesContext [false] with mode [null].
14:44:20.131 [main] DEBUG org.springframework.test.context.support.DependencyInjectionTestExecutionListener - Performing dependency injection for test context [[DefaultTestContext@26ceffa8 testClass = ProductControllerTest, testInstance = com.revalu.ProductControllerTest@3b96c42e, testMethod = [null], testException = [null], mergedContextConfiguration = [WebMergedContextConfiguration@600b90df testClass = ProductControllerTest, locations = '{}', classes = '{class com.revalu.RevaluCodeChallengeApplication}', contextInitializerClasses = '[]', activeProfiles = '{}', propertySourceLocations = '{}', propertySourceProperties = '{org.springframework.boot.test.context.SpringBootTestContextBootstrapper=true, server.port=0}', contextCustomizers = set[org.springframework.boot.test.context.filter.ExcludeFilterContextCustomizer@7a419da4, org.springframework.boot.test.json.DuplicateJsonObjectContextCustomizerFactory$DuplicateJsonObjectContextCustomizer@3d5c822d, org.springframework.boot.test.mock.mockito.MockitoContextCustomizer@0, org.springframework.boot.test.web.client.TestRestTemplateContextCustomizer@505fc5a4, org.springframework.boot.test.autoconfigure.actuate.metrics.MetricsExportContextCustomizerFactory$DisableMetricExportContextCustomizer@53fdffa1, org.springframework.boot.test.autoconfigure.properties.PropertyMappingContextCustomizer@0, org.springframework.boot.test.autoconfigure.web.servlet.WebDriverContextCustomizerFactory$Customizer@58695725, org.springframework.boot.test.context.SpringBootTestArgs@1, org.springframework.boot.test.context.SpringBootTestWebEnvironment@2781e022], resourceBasePath = 'src/main/webapp', contextLoader = 'org.springframework.boot.test.context.SpringBootContextLoader', parent = [null]], attributes = map['org.springframework.test.context.web.ServletTestExecutionListener.activateListener' -> false, 'org.springframework.test.context.event.ApplicationEventsTestExecutionListener.recordApplicationEvents' -> false]]].

  .   ____          _            __ _ _
 /\\ / ___'_ __ _ _(_)_ __  __ _ \ \ \ \
( ( )\___ | '_ | '_| | '_ \/ _` | \ \ \ \
 \\/  ___)| |_)| | | | | || (_| |  ) ) ) )
  '  |____| .__|_| |_|_| |_\__, | / / / /
 =========|_|==============|___/=/_/_/_/
 :: Spring Boot ::                (v2.7.5)

2025-03-03 14:44:20.370  INFO 19732 --- [           main] com.revalu.ProductControllerTest         : Starting ProductControllerTest using Java 17.0.14 on Pavans-Laptop with PID 19732 (started by asus in E:\Revalu-springboot)
2025-03-03 14:44:20.371  INFO 19732 --- [           main] com.revalu.ProductControllerTest         : No active profile set, falling back to 1 default profile: "default"
2025-03-03 14:44:20.833  INFO 19732 --- [           main] .s.d.r.c.RepositoryConfigurationDelegate : Bootstrapping Spring Data MongoDB repositories in DEFAULT mode.
2025-03-03 14:44:20.875  INFO 19732 --- [           main] .s.d.r.c.RepositoryConfigurationDelegate : Finished Spring Data repository scanning in 36 ms. Found 1 MongoDB repository interfaces.
2025-03-03 14:44:21.354  INFO 19732 --- [           main] o.s.b.w.embedded.tomcat.TomcatWebServer  : Tomcat initialized with port(s): 0 (http)
2025-03-03 14:44:21.363  INFO 19732 --- [           main] o.apache.catalina.core.StandardService   : Starting service [Tomcat]
2025-03-03 14:44:21.364  INFO 19732 --- [           main] org.apache.catalina.core.StandardEngine  : Starting Servlet engine: [Apache Tomcat/9.0.68]
2025-03-03 14:44:21.458  INFO 19732 --- [           main] o.a.c.c.C.[Tomcat].[localhost].[/]       : Initializing Spring embedded WebApplicationContext
2025-03-03 14:44:21.458  INFO 19732 --- [           main] w.s.c.ServletWebServerApplicationContext : Root WebApplicationContext: initialization completed in 1067 ms
2025-03-03 14:44:21.769  INFO 19732 --- [       Thread-1] o.s.b.a.mongo.embedded.EmbeddedMongo     : note: noprealloc may hurt performance in many applications
2025-03-03 14:44:21.821  INFO 19732 --- [       Thread-1] o.s.b.a.mongo.embedded.EmbeddedMongo     : 2025-03-03T14:44:21.821+0530 I CONTROL  [initandlisten] MongoDB starting : pid=11940 port=52246 dbpath=C:\Users\asus\AppData\Local\Temp\embedmongo-db-74e235b1-bb7f-4457-bba7-a9da7a9843e5 64-bit host=Pavans-Laptop
2025-03-03 14:44:21.821  INFO 19732 --- [       Thread-1] o.s.b.a.mongo.embedded.EmbeddedMongo     : 2025-03-03T14:44:21.821+0530 I CONTROL  [initandlisten] targetMinOS: Windows Vista/Windows Server 2008
2025-03-03 14:44:21.821  INFO 19732 --- [       Thread-1] o.s.b.a.mongo.embedded.EmbeddedMongo     : 2025-03-03T14:44:21.821+0530 I CONTROL  [initandlisten] db version v3.5.5
2025-03-03 14:44:21.821  INFO 19732 --- [       Thread-1] o.s.b.a.mongo.embedded.EmbeddedMongo     : 2025-03-03T14:44:21.821+0530 I CONTROL  [initandlisten] git version: 98515c812b6fa893613f063dae568ff8319cbfbd
2025-03-03 14:44:21.821  INFO 19732 --- [       Thread-1] o.s.b.a.mongo.embedded.EmbeddedMongo     : 2025-03-03T14:44:21.821+0530 I CONTROL  [initandlisten] allocator: tcmalloc
2025-03-03 14:44:21.821  INFO 19732 --- [       Thread-1] o.s.b.a.mongo.embedded.EmbeddedMongo     : 2025-03-03T14:44:21.821+0530 I CONTROL  [initandlisten] modules: none
2025-03-03 14:44:21.822  INFO 19732 --- [       Thread-1] o.s.b.a.mongo.embedded.EmbeddedMongo     : 2025-03-03T14:44:21.821+0530 I CONTROL  [initandlisten] build environment:
2025-03-03 14:44:21.822  INFO 19732 --- [       Thread-1] o.s.b.a.mongo.embedded.EmbeddedMongo     : 2025-03-03T14:44:21.821+0530 I CONTROL  [initandlisten]     distarch: x86_64
2025-03-03 14:44:21.822  INFO 19732 --- [       Thread-1] o.s.b.a.mongo.embedded.EmbeddedMongo     : 2025-03-03T14:44:21.821+0530 I CONTROL  [initandlisten]     target_arch: x86_64
2025-03-03 14:44:21.822  INFO 19732 --- [       Thread-1] o.s.b.a.mongo.embedded.EmbeddedMongo     : 2025-03-03T14:44:21.821+0530 I CONTROL  [initandlisten] options: { net: { bindIp: "127.0.0.1", http: { enabled: false }, port: 52246 }, security: { authorization: "disabled" }, storage: { dbPath: "C:\Users\asus\AppData\Local\Temp\embedmongo-db-74e235b1-bb7f-4457-bba7-a9da7a9843e5", journal: { enabled: false }, mmapv1: { preallocDataFiles: false, smallFiles: true }, syncPeriodSecs: 0.0 } }
2025-03-03 14:44:21.822  INFO 19732 --- [       Thread-1] o.s.b.a.mongo.embedded.EmbeddedMongo     : 2025-03-03T14:44:21.822+0530 I STORAGE  [initandlisten] wiredtiger_open config: create,cache_size=7382M,session_max=20000,eviction=(threads_min=4,threads_max=4),config_base=false,statistics=(fast),log=(enabled=true,archive=true,path=journal,compressor=snappy),file_manager=(close_idle_time=100000),checkpoint=(wait=0,log_size=2GB),statistics_log=(wait=0),verbose=(recovery_progress),,log=(enabled=false),
2025-03-03 14:44:21.886  INFO 19732 --- [       Thread-1] o.s.b.a.mongo.embedded.EmbeddedMongo     : 2025-03-03T14:44:21.887+0530 W STORAGE  [initandlisten] Detected configuration for non-active storage engine mmapv1 when current storage engine is wiredTiger
2025-03-03 14:44:21.887  INFO 19732 --- [       Thread-1] o.s.b.a.mongo.embedded.EmbeddedMongo     : 2025-03-03T14:44:21.887+0530 I CONTROL  [initandlisten] 
2025-03-03 14:44:21.887  INFO 19732 --- [       Thread-1] o.s.b.a.mongo.embedded.EmbeddedMongo     : 2025-03-03T14:44:21.887+0530 I CONTROL  [initandlisten] ** NOTE: This is a development version (3.5.5) of MongoDB.
2025-03-03 14:44:21.887  INFO 19732 --- [       Thread-1] o.s.b.a.mongo.embedded.EmbeddedMongo     : 2025-03-03T14:44:21.887+0530 I CONTROL  [initandlisten] **       Not recommended for production.
2025-03-03 14:44:21.887  INFO 19732 --- [       Thread-1] o.s.b.a.mongo.embedded.EmbeddedMongo     : 2025-03-03T14:44:21.887+0530 I CONTROL  [initandlisten] 
2025-03-03 14:44:22.036  INFO 19732 --- [       Thread-1] o.s.b.a.mongo.embedded.EmbeddedMongo     : 2025-03-03T14:44:22.036+0530 I FTDC     [initandlisten] Initializing full-time diagnostic data capture with directory 'C:/Users/asus/AppData/Local/Temp/embedmongo-db-74e235b1-bb7f-4457-bba7-a9da7a9843e5/diagnostic.data'
2025-03-03 14:44:22.075  INFO 19732 --- [       Thread-1] o.s.b.a.mongo.embedded.EmbeddedMongo     : 2025-03-03T14:44:22.075+0530 I INDEX    [initandlisten] build index on: admin.system.version properties: { v: 2, key: { version: 1 }, name: "incompatible_with_version_32", ns: "admin.system.version" }
2025-03-03 14:44:22.075  INFO 19732 --- [       Thread-1] o.s.b.a.mongo.embedded.EmbeddedMongo     : 2025-03-03T14:44:22.075+0530 I INDEX    [initandlisten] 	 building index using bulk method; build may temporarily use up to 500 megabytes of RAM
2025-03-03 14:44:22.077  INFO 19732 --- [       Thread-1] o.s.b.a.mongo.embedded.EmbeddedMongo     : 2025-03-03T14:44:22.078+0530 I INDEX    [initandlisten] build index done.  scanned 0 total records. 0 secs
2025-03-03 14:44:22.078  INFO 19732 --- [       Thread-1] o.s.b.a.mongo.embedded.EmbeddedMongo     : 2025-03-03T14:44:22.079+0530 I COMMAND  [initandlisten] setting featureCompatibilityVersion to 3.4
2025-03-03 14:44:22.079  INFO 19732 --- [       Thread-1] o.s.b.a.mongo.embedded.EmbeddedMongo     : 2025-03-03T14:44:22.079+0530 I NETWORK  [thread1] waiting for connections on port 52246
2025-03-03 14:44:22.079  INFO 19732 --- [           main] d.f.embed.mongo.MongodExecutable         : start MongodConfig{version=Version{3.5.5}, timeout=de.flapdoodle.embed.mongo.config.Timeout@706ddbc8, net=de.flapdoodle.embed.mongo.config.Net@fd09e43, cmdOptions=MongoCmdOptions{syncDelay=0, useDefaultSyncDelay=false, isVerbose=false, useNoPrealloc=true, useSmallFiles=true, useNoJournal=true, enableTextSearch=false, auth=false, master=false}, password=, userName=, replication=de.flapdoodle.embed.mongo.config.Storage@144ab983, isConfigServer=false, isShardServer=false, processListener=de.flapdoodle.embed.mongo.config.processlistener.NoopProcessListener@7ebe2e47, params={}, args={}, pidFile=mongod.pid, supportConfig=de.flapdoodle.embed.mongo.config.SupportConfig@609319c3}
2025-03-03 14:44:22.162  INFO 19732 --- [       Thread-1] o.s.b.a.mongo.embedded.EmbeddedMongo     : 2025-03-03T14:44:22.162+0530 I NETWORK  [thread1] connection accepted from 127.0.0.1:52247 #1 (1 connection now open)
2025-03-03 14:44:22.162  INFO 19732 --- [       Thread-1] o.s.b.a.mongo.embedded.EmbeddedMongo     : 2025-03-03T14:44:22.162+0530 I NETWORK  [thread1] connection accepted from 127.0.0.1:52248 #2 (2 connections now open)
2025-03-03 14:44:22.167  INFO 19732 --- [           main] org.mongodb.driver.client                : MongoClient with metadata {"driver": {"name": "mongo-java-driver|sync|spring-boot", "version": "4.6.1"}, "os": {"type": "Windows", "name": "Windows 11", "architecture": "amd64", "version": "10.0"}, "platform": "Java/Microsoft/17.0.14+7-LTS"} created with settings MongoClientSettings{readPreference=primary, writeConcern=WriteConcern{w=null, wTimeout=null ms, journal=null}, retryWrites=true, retryReads=true, readConcern=ReadConcern{level=null}, credential=null, streamFactoryFactory=null, commandListeners=[], codecRegistry=ProvidersCodecRegistry{codecProviders=[ValueCodecProvider{}, BsonValueCodecProvider{}, DBRefCodecProvider{}, DBObjectCodecProvider{}, DocumentCodecProvider{}, IterableCodecProvider{}, MapCodecProvider{}, GeoJsonCodecProvider{}, GridFSFileCodecProvider{}, Jsr310CodecProvider{}, JsonObjectCodecProvider{}, BsonCodecProvider{}, EnumCodecProvider{}, com.mongodb.Jep395RecordCodecProvider@55736cfe]}, clusterSettings={hosts=[localhost:52246], srvServiceName=mongodb, mode=SINGLE, requiredClusterType=UNKNOWN, requiredReplicaSetName='null', serverSelector='null', clusterListeners='[]', serverSelectionTimeout='30000 ms', localThreshold='30000 ms'}, socketSettings=SocketSettings{connectTimeoutMS=10000, readTimeoutMS=0, receiveBufferSize=0, sendBufferSize=0}, heartbeatSocketSettings=SocketSettings{connectTimeoutMS=10000, readTimeoutMS=10000, receiveBufferSize=0, sendBufferSize=0}, connectionPoolSettings=ConnectionPoolSettings{maxSize=100, minSize=0, maxWaitTimeMS=120000, maxConnectionLifeTimeMS=0, maxConnectionIdleTimeMS=0, maintenanceInitialDelayMS=0, maintenanceFrequencyMS=60000, connectionPoolListeners=[], maxConnecting=2}, serverSettings=ServerSettings{heartbeatFrequencyMS=10000, minHeartbeatFrequencyMS=500, serverListeners='[]', serverMonitorListeners='[]'}, sslSettings=SslSettings{enabled=false, invalidHostNameAllowed=false, context=null}, applicationName='null', compressorList=[], uuidRepresentation=JAVA_LEGACY, serverApi=null, autoEncryptionSettings=null, contextProvider=null}
2025-03-03 14:44:22.171  INFO 19732 --- [       Thread-1] o.s.b.a.mongo.embedded.EmbeddedMongo     : 2025-03-03T14:44:22.171+0530 I NETWORK  [conn2] received client metadata from 127.0.0.1:52248 conn2: { driver: { name: "mongo-java-driver|sync|spring-boot", version: "4.6.1" }, os: { type: "Windows", name: "Windows 11", architecture: "amd64", version: "10.0" }, platform: "Java/Microsoft/17.0.14+7-LTS" }
2025-03-03 14:44:22.171  INFO 19732 --- [       Thread-1] o.s.b.a.mongo.embedded.EmbeddedMongo     : 2025-03-03T14:44:22.171+0530 I NETWORK  [conn1] received client metadata from 127.0.0.1:52247 conn1: { driver: { name: "mongo-java-driver|sync|spring-boot", version: "4.6.1" }, os: { type: "Windows", name: "Windows 11", architecture: "amd64", version: "10.0" }, platform: "Java/Microsoft/17.0.14+7-LTS" }
2025-03-03 14:44:22.183  INFO 19732 --- [localhost:52246] org.mongodb.driver.connection            : Opened connection [connectionId{localValue:1, serverValue:1}] to localhost:52246
2025-03-03 14:44:22.183  INFO 19732 --- [localhost:52246] org.mongodb.driver.connection            : Opened connection [connectionId{localValue:2, serverValue:2}] to localhost:52246
2025-03-03 14:44:22.183  INFO 19732 --- [localhost:52246] org.mongodb.driver.cluster               : Monitor thread successfully connected to server with description ServerDescription{address=localhost:52246, type=STANDALONE, state=CONNECTED, ok=true, minWireVersion=0, maxWireVersion=5, maxDocumentSize=16777216, logicalSessionTimeoutMinutes=null, roundTripTimeNanos=18694900}
2025-03-03 14:44:22.923  INFO 19732 --- [           main] o.s.b.w.embedded.tomcat.TomcatWebServer  : Tomcat started on port(s): 52249 (http) with context path ''
2025-03-03 14:44:22.931  INFO 19732 --- [           main] com.revalu.ProductControllerTest         : Started ProductControllerTest in 2.78 seconds (JVM running for 3.479)
2025-03-03 14:44:22.973  INFO 19732 --- [       Thread-1] o.s.b.a.mongo.embedded.EmbeddedMongo     : 2025-03-03T14:44:22.974+0530 I NETWORK  [thread1] connection accepted from 127.0.0.1:52250 #3 (3 connections now open)
2025-03-03 14:44:22.974  INFO 19732 --- [       Thread-1] o.s.b.a.mongo.embedded.EmbeddedMongo     : 2025-03-03T14:44:22.974+0530 I NETWORK  [conn3] received client metadata from 127.0.0.1:52250 conn3: { driver: { name: "mongo-java-driver|sync|spring-boot", version: "4.6.1" }, os: { type: "Windows", name: "Windows 11", architecture: "amd64", version: "10.0" }, platform: "Java/Microsoft/17.0.14+7-LTS" }
2025-03-03 14:44:22.975  INFO 19732 --- [           main] org.mongodb.driver.connection            : Opened connection [connectionId{localValue:3, serverValue:3}] to localhost:52246
Inserted Sample data into epd_data
2025-03-03 14:44:23.498  INFO 19732 --- [o-auto-1-exec-1] o.a.c.c.C.[Tomcat].[localhost].[/]       : Initializing Spring DispatcherServlet 'dispatcherServlet'
2025-03-03 14:44:23.498  INFO 19732 --- [o-auto-1-exec-1] o.s.web.servlet.DispatcherServlet        : Initializing Servlet 'dispatcherServlet'
2025-03-03 14:44:23.499  INFO 19732 --- [o-auto-1-exec-1] o.s.web.servlet.DispatcherServlet        : Completed initialization in 1 ms
]]></system-out>
  </testcase>
  <testcase name="testSearchByCategory" classname="com.revalu.ProductControllerTest" time="0.01">
    <failure message="&#10;Expecting actual not to be empty" type="java.lang.AssertionError">java.lang.AssertionError: 

Expecting actual not to be empty
	at com.revalu.ProductControllerTest.testSearchByCategory(ProductControllerTest.java:40)
</failure>
  </testcase>
  <testcase name="testShowAll" classname="com.revalu.ProductControllerTest" time="0.008">
    <failure message="&#10;Expecting actual not to be empty" type="java.lang.AssertionError">java.lang.AssertionError: 

Expecting actual not to be empty
	at com.revalu.ProductControllerTest.testShowAll(ProductControllerTest.java:33)
</failure>
  </testcase>
</testsuite>